<?xml version="1.0" encoding="UTF-8"?>
<!-- Generated by org.testng.reporters.JUnitReportReporter -->
<testsuite skipped="0" hostname="PC-062" name="com.sudip.com.sudip.selenim.TestNGSudip" tests="1" failures="0" timestamp="2021-03-11T17:34:51 IST" time="28.282" errors="0">
  <testcase name="Login" time="28.282" classname="com.sudip.com.sudip.selenim.TestNGSudip"/>
  <system-out/>
</testsuite> <!-- com.sudip.com.sudip.selenim.TestNGSudip -->
